This file contains any messages produced by compilers while
running configure, to aid debugging if configure makes a mistake.

It was created by lighttpd configure 1.4.18, which was
generated by GNU Autoconf 2.61.  Invocation command line was

  $ ./configure --disable-lfs --no-create --no-recursion

## --------- ##
## Platform. ##
## --------- ##

hostname = localhost
uname -m = x86_64
uname -r = 2.6.17.14-mm-laptop-6mdvsmp
uname -s = Linux
uname -v = #1 SMP Sat Mar 31 09:58:22 EDT 2007

/usr/bin/uname -p = unknown
/bin/uname -X     = unknown

/bin/arch              = x86_64
/usr/bin/arch -k       = unknown
/usr/convex/getsysinfo = unknown
/usr/bin/hostinfo      = unknown
/bin/machine           = unknown
/usr/bin/oslevel       = unknown
/bin/universe          = unknown

PATH: /usr/bin
PATH: /bin
PATH: /usr/local/bin
PATH: /usr/X11R6/bin/
PATH: /usr/games
PATH: /usr/lib/qt3//bin
PATH: /home/justin/bin
PATH: /usr/local/firefox
PATH: /usr/local/thunderbird
PATH: /usr/java/jdk1.5.0_09/bin
PATH: /opt/intel/cc/9.1.042/bin/
PATH: /usr/lib/qt3//bin


## ----------- ##
## Core tests. ##
## ----------- ##

configure:2054: checking build system type
configure:2072: result: x86_64-unknown-linux-gnu
configure:2094: checking host system type
configure:2109: result: x86_64-unknown-linux-gnu
configure:2131: checking target system type
configure:2146: result: x86_64-unknown-linux-gnu
configure:2190: checking for a BSD-compatible install
configure:2246: result: /usr/bin/install -c
configure:2257: checking whether build environment is sane
configure:2300: result: yes
configure:2328: checking for a thread-safe mkdir -p
configure:2367: result: /bin/mkdir -p
configure:2380: checking for gawk
configure:2396: found /usr/bin/gawk
configure:2407: result: gawk
configure:2418: checking whether make sets $(MAKE)
configure:2439: result: yes
configure:2631: checking whether to enable maintainer-specific portions of Makefiles
configure:2640: result: no
configure:2703: checking for gcc
configure:2719: found /usr/bin/gcc
configure:2730: result: gcc
configure:2968: checking for C compiler version
configure:2975: gcc --version >&5
gcc (GCC) 4.1.2 20070302 (prerelease) (4.1.2-1mdv2007.1)
Copyright (C) 2006 Free Software Foundation, Inc.
This is free software; see the source for copying conditions.  There is NO
warranty; not even for MERCHANTABILITY or FITNESS FOR A PARTICULAR PURPOSE.

configure:2978: $? = 0
configure:2985: gcc -v >&5
Using built-in specs.
Target: x86_64-mandriva-linux-gnu
Configured with: ../configure --prefix=/usr --libexecdir=/usr/lib --with-slibdir=/lib64 --mandir=/usr/share/man --infodir=/usr/share/info --enable-checking=release --enable-languages=c,c++,ada,fortran,objc,obj-c++,java --host=x86_64-mandriva-linux-gnu --with-cpu=generic --with-system-zlib --enable-threads=posix --enable-shared --enable-long-long --enable-__cxa_atexit --disable-libunwind-exceptions --enable-clocale=gnu --enable-java-awt=gtk --with-java-home=/usr/lib/jvm/java-1.4.2-gcj-1.4.2.0/jre --enable-gtk-cairo --disable-libjava-multilib --enable-ssp --disable-libssp
Thread model: posix
gcc version 4.1.2 20070302 (prerelease) (4.1.2-1mdv2007.1)
configure:2988: $? = 0
configure:2995: gcc -V >&5
gcc: '-V' option must have argument
configure:2998: $? = 1
configure:3021: checking for C compiler default output file name
configure:3048: gcc    conftest.c  >&5
configure:3051: $? = 0
configure:3089: result: a.out
configure:3106: checking whether the C compiler works
configure:3116: ./a.out
configure:3119: $? = 0
configure:3136: result: yes
configure:3143: checking whether we are cross compiling
configure:3145: result: no
configure:3148: checking for suffix of executables
configure:3155: gcc -o conftest    conftest.c  >&5
configure:3158: $? = 0
configure:3182: result: 
configure:3188: checking for suffix of object files
configure:3214: gcc -c   conftest.c >&5
configure:3217: $? = 0
configure:3240: result: o
configure:3244: checking whether we are using the GNU C compiler
configure:3273: gcc -c   conftest.c >&5
configure:3279: $? = 0
configure:3296: result: yes
configure:3301: checking whether gcc accepts -g
configure:3331: gcc -c -g  conftest.c >&5
configure:3337: $? = 0
configure:3436: result: yes
configure:3453: checking for gcc option to accept ISO C89
configure:3527: gcc  -c -g -O2  conftest.c >&5
configure:3533: $? = 0
configure:3556: result: none needed
configure:3585: checking for style of include used by make
configure:3613: result: GNU
configure:3638: checking dependency style of gcc
configure:3729: result: gcc3
configure:3745: checking whether gcc and cc understand -c and -o together
configure:3780: gcc -c conftest.c -o conftest2.o >&5
configure:3783: $? = 0
configure:3789: gcc -c conftest.c -o conftest2.o >&5
configure:3792: $? = 0
configure:3803: cc -c conftest.c >&5
configure:3806: $? = 0
configure:3814: cc -c conftest.c -o conftest2.o >&5
configure:3817: $? = 0
configure:3823: cc -c conftest.c -o conftest2.o >&5
configure:3826: $? = 0
configure:3844: result: yes
configure:3870: checking for a sed that does not truncate output
configure:3924: result: /bin/sed
configure:3927: checking for grep that handles long lines and -e
configure:4001: result: /bin/grep
configure:4006: checking for egrep
configure:4084: result: /bin/grep -E
configure:4100: checking for ld used by gcc
configure:4167: result: /usr/bin/ld
configure:4176: checking if the linker (/usr/bin/ld) is GNU ld
configure:4191: result: yes
configure:4209: checking for a BSD-compatible install
configure:4265: result: /usr/bin/install -c
configure:4280: checking for gawk
configure:4307: result: gawk
configure:4323: checking how to run the C preprocessor
configure:4363: gcc -E  conftest.c
configure:4369: $? = 0
configure:4400: gcc -E  conftest.c
conftest.c:10:28: error: ac_nonexistent.h: No such file or directory
configure:4406: $? = 1
configure: failed program was:
| /* confdefs.h.  */
| #define PACKAGE_NAME "lighttpd"
| #define PACKAGE_TARNAME "lighttpd"
| #define PACKAGE_VERSION "1.4.18"
| #define PACKAGE_STRING "lighttpd 1.4.18"
| #define PACKAGE_BUGREPORT "jan@kneschke.de"
| #define PACKAGE "lighttpd"
| #define VERSION "1.4.18"
| /* end confdefs.h.  */
| #include <ac_nonexistent.h>
configure:4439: result: gcc -E
configure:4468: gcc -E  conftest.c
configure:4474: $? = 0
configure:4505: gcc -E  conftest.c
conftest.c:10:28: error: ac_nonexistent.h: No such file or directory
configure:4511: $? = 1
configure: failed program was:
| /* confdefs.h.  */
| #define PACKAGE_NAME "lighttpd"
| #define PACKAGE_TARNAME "lighttpd"
| #define PACKAGE_VERSION "1.4.18"
| #define PACKAGE_STRING "lighttpd 1.4.18"
| #define PACKAGE_BUGREPORT "jan@kneschke.de"
| #define PACKAGE "lighttpd"
| #define VERSION "1.4.18"
| /* end confdefs.h.  */
| #include <ac_nonexistent.h>
configure:4548: checking whether ln -s works
configure:4552: result: yes
configure:4559: checking whether make sets $(MAKE)
configure:4580: result: yes
configure:4593: checking for AIX
configure:4615: result: no
configure:4621: checking for library containing strerror
configure:4662: gcc -o conftest -g -O2   conftest.c  >&5
configure:4668: $? = 0
configure:4696: result: none required
configure:4704: checking for ANSI C header files
configure:4734: gcc -c -g -O2  conftest.c >&5
configure:4740: $? = 0
configure:4839: gcc -o conftest -g -O2   conftest.c  >&5
configure:4842: $? = 0
configure:4848: ./conftest
configure:4851: $? = 0
configure:4868: result: yes
configure:4892: checking for sys/types.h
configure:4913: gcc -c -g -O2  conftest.c >&5
configure:4919: $? = 0
configure:4935: result: yes
configure:4892: checking for sys/stat.h
configure:4913: gcc -c -g -O2  conftest.c >&5
configure:4919: $? = 0
configure:4935: result: yes
configure:4892: checking for stdlib.h
configure:4913: gcc -c -g -O2  conftest.c >&5
configure:4919: $? = 0
configure:4935: result: yes
configure:4892: checking for string.h
configure:4913: gcc -c -g -O2  conftest.c >&5
configure:4919: $? = 0
configure:4935: result: yes
configure:4892: checking for memory.h
configure:4913: gcc -c -g -O2  conftest.c >&5
configure:4919: $? = 0
configure:4935: result: yes
configure:4892: checking for strings.h
configure:4913: gcc -c -g -O2  conftest.c >&5
configure:4919: $? = 0
configure:4935: result: yes
configure:4892: checking for inttypes.h
configure:4913: gcc -c -g -O2  conftest.c >&5
configure:4919: $? = 0
configure:4935: result: yes
configure:4892: checking for stdint.h
configure:4913: gcc -c -g -O2  conftest.c >&5
configure:4919: $? = 0
configure:4935: result: yes
configure:4892: checking for unistd.h
configure:4913: gcc -c -g -O2  conftest.c >&5
configure:4919: $? = 0
configure:4935: result: yes
configure:4957: checking minix/config.h usability
configure:4974: gcc -c -g -O2  conftest.c >&5
conftest.c:53:26: error: minix/config.h: No such file or directory
configure:4980: $? = 1
configure: failed program was:
| /* confdefs.h.  */
| #define PACKAGE_NAME "lighttpd"
| #define PACKAGE_TARNAME "lighttpd"
| #define PACKAGE_VERSION "1.4.18"
| #define PACKAGE_STRING "lighttpd 1.4.18"
| #define PACKAGE_BUGREPORT "jan@kneschke.de"
| #define PACKAGE "lighttpd"
| #define VERSION "1.4.18"
| #define STDC_HEADERS 1
| #define HAVE_SYS_TYPES_H 1
| #define HAVE_SYS_STAT_H 1
| #define HAVE_STDLIB_H 1
| #define HAVE_STRING_H 1
| #define HAVE_MEMORY_H 1
| #define HAVE_STRINGS_H 1
| #define HAVE_INTTYPES_H 1
| #define HAVE_STDINT_H 1
| #define HAVE_UNISTD_H 1
| /* end confdefs.h.  */
| #include <stdio.h>
| #ifdef HAVE_SYS_TYPES_H
| # include <sys/types.h>
| #endif
| #ifdef HAVE_SYS_STAT_H
| # include <sys/stat.h>
| #endif
| #ifdef STDC_HEADERS
| # include <stdlib.h>
| # include <stddef.h>
| #else
| # ifdef HAVE_STDLIB_H
| #  include <stdlib.h>
| # endif
| #endif
| #ifdef HAVE_STRING_H
| # if !defined STDC_HEADERS && defined HAVE_MEMORY_H
| #  include <memory.h>
| # endif
| # include <string.h>
| #endif
| #ifdef HAVE_STRINGS_H
| # include <strings.h>
| #endif
| #ifdef HAVE_INTTYPES_H
| # include <inttypes.h>
| #endif
| #ifdef HAVE_STDINT_H
| # include <stdint.h>
| #endif
| #ifdef HAVE_UNISTD_H
| # include <unistd.h>
| #endif
| #include <minix/config.h>
configure:4994: result: no
configure:4998: checking minix/config.h presence
configure:5013: gcc -E  conftest.c
conftest.c:20:26: error: minix/config.h: No such file or directory
configure:5019: $? = 1
configure: failed program was:
| /* confdefs.h.  */
| #define PACKAGE_NAME "lighttpd"
| #define PACKAGE_TARNAME "lighttpd"
| #define PACKAGE_VERSION "1.4.18"
| #define PACKAGE_STRING "lighttpd 1.4.18"
| #define PACKAGE_BUGREPORT "jan@kneschke.de"
| #define PACKAGE "lighttpd"
| #define VERSION "1.4.18"
| #define STDC_HEADERS 1
| #define HAVE_SYS_TYPES_H 1
| #define HAVE_SYS_STAT_H 1
| #define HAVE_STDLIB_H 1
| #define HAVE_STRING_H 1
| #define HAVE_MEMORY_H 1
| #define HAVE_STRINGS_H 1
| #define HAVE_INTTYPES_H 1
| #define HAVE_STDINT_H 1
| #define HAVE_UNISTD_H 1
| /* end confdefs.h.  */
| #include <minix/config.h>
configure:5033: result: no
configure:5066: checking for minix/config.h
configure:5073: result: no
configure:5118: checking for function prototypes
configure:5121: result: yes
configure:5151: checking for string.h
configure:5157: result: yes
configure:5369: checking for /usr/bin/ld option to reload object files
configure:5376: result: -r
configure:5394: checking for BSD-compatible nm
configure:5443: result: /usr/bin/nm -B
configure:5447: checking how to recognise dependent libraries
configure:5623: result: pass_all
configure:5709: gcc -c -g -O2  conftest.c >&5
configure:5712: $? = 0
configure:5865: checking dlfcn.h usability
configure:5882: gcc -c -g -O2  conftest.c >&5
configure:5888: $? = 0
configure:5902: result: yes
configure:5906: checking dlfcn.h presence
configure:5921: gcc -E  conftest.c
configure:5927: $? = 0
configure:5941: result: yes
configure:5974: checking for dlfcn.h
configure:5982: result: yes
configure:6053: checking for g++
configure:6069: found /usr/bin/g++
configure:6080: result: g++
configure:6111: checking for C++ compiler version
configure:6118: g++ --version >&5
g++ (GCC) 4.1.2 20070302 (prerelease) (4.1.2-1mdv2007.1)
Copyright (C) 2006 Free Software Foundation, Inc.
This is free software; see the source for copying conditions.  There is NO
warranty; not even for MERCHANTABILITY or FITNESS FOR A PARTICULAR PURPOSE.

configure:6121: $? = 0
configure:6128: g++ -v >&5
Using built-in specs.
Target: x86_64-mandriva-linux-gnu
Configured with: ../configure --prefix=/usr --libexecdir=/usr/lib --with-slibdir=/lib64 --mandir=/usr/share/man --infodir=/usr/share/info --enable-checking=release --enable-languages=c,c++,ada,fortran,objc,obj-c++,java --host=x86_64-mandriva-linux-gnu --with-cpu=generic --with-system-zlib --enable-threads=posix --enable-shared --enable-long-long --enable-__cxa_atexit --disable-libunwind-exceptions --enable-clocale=gnu --enable-java-awt=gtk --with-java-home=/usr/lib/jvm/java-1.4.2-gcj-1.4.2.0/jre --enable-gtk-cairo --disable-libjava-multilib --enable-ssp --disable-libssp
Thread model: posix
gcc version 4.1.2 20070302 (prerelease) (4.1.2-1mdv2007.1)
configure:6131: $? = 0
configure:6138: g++ -V >&5
g++: '-V' option must have argument
configure:6141: $? = 1
configure:6144: checking whether we are using the GNU C++ compiler
configure:6173: g++ -c   conftest.cpp >&5
configure:6179: $? = 0
configure:6196: result: yes
configure:6201: checking whether g++ accepts -g
configure:6231: g++ -c -g  conftest.cpp >&5
configure:6237: $? = 0
configure:6336: result: yes
configure:6361: checking dependency style of g++
configure:6452: result: gcc3
configure:6477: checking how to run the C++ preprocessor
configure:6513: g++ -E  conftest.cpp
configure:6519: $? = 0
configure:6550: g++ -E  conftest.cpp
conftest.cpp:24:28: error: ac_nonexistent.h: No such file or directory
configure:6556: $? = 1
configure: failed program was:
| /* confdefs.h.  */
| #define PACKAGE_NAME "lighttpd"
| #define PACKAGE_TARNAME "lighttpd"
| #define PACKAGE_VERSION "1.4.18"
| #define PACKAGE_STRING "lighttpd 1.4.18"
| #define PACKAGE_BUGREPORT "jan@kneschke.de"
| #define PACKAGE "lighttpd"
| #define VERSION "1.4.18"
| #define STDC_HEADERS 1
| #define HAVE_SYS_TYPES_H 1
| #define HAVE_SYS_STAT_H 1
| #define HAVE_STDLIB_H 1
| #define HAVE_STRING_H 1
| #define HAVE_MEMORY_H 1
| #define HAVE_STRINGS_H 1
| #define HAVE_INTTYPES_H 1
| #define HAVE_STDINT_H 1
| #define HAVE_UNISTD_H 1
| #define PROTOTYPES 1
| #define __PROTOTYPES 1
| #define HAVE_STRING_H 1
| #define HAVE_DLFCN_H 1
| /* end confdefs.h.  */
| #include <ac_nonexistent.h>
configure:6589: result: g++ -E
configure:6618: g++ -E  conftest.cpp
configure:6624: $? = 0
configure:6655: g++ -E  conftest.cpp
conftest.cpp:24:28: error: ac_nonexistent.h: No such file or directory
configure:6661: $? = 1
configure: failed program was:
| /* confdefs.h.  */
| #define PACKAGE_NAME "lighttpd"
| #define PACKAGE_TARNAME "lighttpd"
| #define PACKAGE_VERSION "1.4.18"
| #define PACKAGE_STRING "lighttpd 1.4.18"
| #define PACKAGE_BUGREPORT "jan@kneschke.de"
| #define PACKAGE "lighttpd"
| #define VERSION "1.4.18"
| #define STDC_HEADERS 1
| #define HAVE_SYS_TYPES_H 1
| #define HAVE_SYS_STAT_H 1
| #define HAVE_STDLIB_H 1
| #define HAVE_STRING_H 1
| #define HAVE_MEMORY_H 1
| #define HAVE_STRINGS_H 1
| #define HAVE_INTTYPES_H 1
| #define HAVE_STDINT_H 1
| #define HAVE_UNISTD_H 1
| #define PROTOTYPES 1
| #define __PROTOTYPES 1
| #define HAVE_STRING_H 1
| #define HAVE_DLFCN_H 1
| /* end confdefs.h.  */
| #include <ac_nonexistent.h>
configure:6754: checking for g77
configure:6784: result: no
configure:6754: checking for xlf
configure:6784: result: no
configure:6754: checking for f77
configure:6784: result: no
configure:6754: checking for frt
configure:6784: result: no
configure:6754: checking for pgf77
configure:6784: result: no
configure:6754: checking for cf77
configure:6784: result: no
configure:6754: checking for fort77
configure:6784: result: no
configure:6754: checking for fl32
configure:6784: result: no
configure:6754: checking for af77
configure:6784: result: no
configure:6754: checking for xlf90
configure:6784: result: no
configure:6754: checking for f90
configure:6784: result: no
configure:6754: checking for pgf90
configure:6784: result: no
configure:6754: checking for pghpf
configure:6784: result: no
configure:6754: checking for epcf90
configure:6784: result: no
configure:6754: checking for gfortran
configure:6784: result: no
configure:6754: checking for g95
configure:6784: result: no
configure:6754: checking for xlf95
configure:6784: result: no
configure:6754: checking for f95
configure:6784: result: no
configure:6754: checking for fort
configure:6784: result: no
configure:6754: checking for ifort
configure:6784: result: no
configure:6754: checking for ifc
configure:6784: result: no
configure:6754: checking for efc
configure:6784: result: no
configure:6754: checking for pgf95
configure:6784: result: no
configure:6754: checking for lf95
configure:6784: result: no
configure:6754: checking for ftn
configure:6784: result: no
configure:6811: checking for Fortran 77 compiler version
configure:6818:  --version >&5
./configure: line 6819: --version: command not found
configure:6821: $? = 127
configure:6828:  -v >&5
./configure: line 6829: -v: command not found
configure:6831: $? = 127
configure:6838:  -V >&5
./configure: line 6839: -V: command not found
configure:6841: $? = 127
configure:6849: checking whether we are using the GNU Fortran 77 compiler
configure:6868:  -c  conftest.F >&5
./configure: line 6869: -c: command not found
configure:6874: $? = 127
configure: failed program was:
|       program main
| #ifndef __GNUC__
|        choke me
| #endif
| 
|       end
configure:6891: result: no
configure:6897: checking whether  accepts -g
configure:6914:  -c -g conftest.f >&5
./configure: line 6915: -c: command not found
configure:6920: $? = 127
configure: failed program was:
|       program main
| 
|       end
configure:6936: result: no
configure:6966: checking the maximum length of command line arguments
configure:7075: result: 32768
configure:7086: checking command to parse /usr/bin/nm -B output from gcc object
configure:7191: gcc -c -g -O2  conftest.c >&5
configure:7194: $? = 0
configure:7198: /usr/bin/nm -B conftest.o \| sed -n -e 's/^.*[ 	]\([ABCDGIRSTW][ABCDGIRSTW]*\)[ 	][ 	]*\([_A-Za-z][_A-Za-z0-9]*\)$/\1 \2 \2/p' \> conftest.nm
configure:7201: $? = 0
configure:7253: gcc -o conftest -g -O2   conftest.c conftstm.o >&5
configure:7256: $? = 0
configure:7294: result: ok
configure:7298: checking for objdir
configure:7313: result: .libs
configure:7405: checking for ar
configure:7421: found /usr/bin/ar
configure:7432: result: ar
configure:7501: checking for ranlib
configure:7517: found /usr/bin/ranlib
configure:7528: result: ranlib
configure:7597: checking for strip
configure:7613: found /usr/bin/strip
configure:7624: result: strip
configure:7910: checking if gcc supports -fno-rtti -fno-exceptions
configure:7928: gcc -c -g -O2  -fno-rtti -fno-exceptions conftest.c >&5
cc1: warning: command line option "-fno-rtti" is valid for C++/ObjC++ but not for C
configure:7932: $? = 0
configure:7945: result: no
configure:7960: checking for gcc option to produce PIC
configure:8170: result: -fPIC
configure:8178: checking if gcc PIC flag -fPIC works
configure:8196: gcc -c -g -O2  -fPIC -DPIC conftest.c >&5
configure:8200: $? = 0
configure:8213: result: yes
configure:8241: checking if gcc static flag -static works
configure:8269: result: no
configure:8279: checking if gcc supports -c -o file.o
configure:8300: gcc -c -g -O2  -o out/conftest2.o conftest.c >&5
configure:8304: $? = 0
configure:8326: result: yes
configure:8352: checking whether the gcc linker (/usr/bin/ld -m elf_x86_64) supports shared libraries
configure:9306: result: yes
configure:9327: checking whether -lc should be explicitly linked in
configure:9332: gcc -c -g -O2  conftest.c >&5
configure:9335: $? = 0
configure:9350: gcc -shared conftest.o  -v -Wl,-soname -Wl,conftest -o conftest 2\>\&1 \| grep  -lc  \>/dev/null 2\>\&1
configure:9353: $? = 0
configure:9365: result: no
configure:9373: checking dynamic linker characteristics
configure:9961: result: GNU/Linux ld.so
configure:9970: checking how to hardcode library paths into programs
configure:9995: result: immediate
configure:10009: checking whether stripping libraries is possible
configure:10014: result: yes
configure:10137: checking for shl_load
configure:10193: gcc -o conftest -g -O2   conftest.c  >&5
/home/justin/tmp/cc0JuiPe.o: In function `main':
/home/justin/work/sqwee/sqwee/src/lighttpd/conftest.c:58: undefined reference to `shl_load'
collect2: ld returned 1 exit status
configure:10199: $? = 1
configure: failed program was:
| /* confdefs.h.  */
| #define PACKAGE_NAME "lighttpd"
| #define PACKAGE_TARNAME "lighttpd"
| #define PACKAGE_VERSION "1.4.18"
| #define PACKAGE_STRING "lighttpd 1.4.18"
| #define PACKAGE_BUGREPORT "jan@kneschke.de"
| #define PACKAGE "lighttpd"
| #define VERSION "1.4.18"
| #define STDC_HEADERS 1
| #define HAVE_SYS_TYPES_H 1
| #define HAVE_SYS_STAT_H 1
| #define HAVE_STDLIB_H 1
| #define HAVE_STRING_H 1
| #define HAVE_MEMORY_H 1
| #define HAVE_STRINGS_H 1
| #define HAVE_INTTYPES_H 1
| #define HAVE_STDINT_H 1
| #define HAVE_UNISTD_H 1
| #define PROTOTYPES 1
| #define __PROTOTYPES 1
| #define HAVE_STRING_H 1
| #define HAVE_DLFCN_H 1
| /* end confdefs.h.  */
| /* Define shl_load to an innocuous variant, in case <limits.h> declares shl_load.
|    For example, HP-UX 11i <limits.h> declares gettimeofday.  */
| #define shl_load innocuous_shl_load
| 
| /* System header to define __stub macros and hopefully few prototypes,
|     which can conflict with char shl_load (); below.
|     Prefer <limits.h> to <assert.h> if __STDC__ is defined, since
|     <limits.h> exists even on freestanding compilers.  */
| 
| #ifdef __STDC__
| # include <limits.h>
| #else
| # include <assert.h>
| #endif
| 
| #undef shl_load
| 
| /* Override any GCC internal prototype to avoid an error.
|    Use char because int might match the return type of a GCC
|    builtin and then its argument prototype would still apply.  */
| #ifdef __cplusplus
| extern "C"
| #endif
| char shl_load ();
| /* The GNU C library defines this for functions which it implements
|     to always fail with ENOSYS.  Some functions are actually named
|     something starting with __ and the normal name is an alias.  */
| #if defined __stub_shl_load || defined __stub___shl_load
| choke me
| #endif
| 
| int
| main ()
| {
| return shl_load ();
|   ;
|   return 0;
| }
configure:10216: result: no
configure:10221: checking for shl_load in -ldld
configure:10256: gcc -o conftest -g -O2   conftest.c -ldld   >&5
/usr/bin/ld: cannot find -ldld
collect2: ld returned 1 exit status
configure:10262: $? = 1
configure: failed program was:
| /* confdefs.h.  */
| #define PACKAGE_NAME "lighttpd"
| #define PACKAGE_TARNAME "lighttpd"
| #define PACKAGE_VERSION "1.4.18"
| #define PACKAGE_STRING "lighttpd 1.4.18"
| #define PACKAGE_BUGREPORT "jan@kneschke.de"
| #define PACKAGE "lighttpd"
| #define VERSION "1.4.18"
| #define STDC_HEADERS 1
| #define HAVE_SYS_TYPES_H 1
| #define HAVE_SYS_STAT_H 1
| #define HAVE_STDLIB_H 1
| #define HAVE_STRING_H 1
| #define HAVE_MEMORY_H 1
| #define HAVE_STRINGS_H 1
| #define HAVE_INTTYPES_H 1
| #define HAVE_STDINT_H 1
| #define HAVE_UNISTD_H 1
| #define PROTOTYPES 1
| #define __PROTOTYPES 1
| #define HAVE_STRING_H 1
| #define HAVE_DLFCN_H 1
| /* end confdefs.h.  */
| 
| /* Override any GCC internal prototype to avoid an error.
|    Use char because int might match the return type of a GCC
|    builtin and then its argument prototype would still apply.  */
| #ifdef __cplusplus
| extern "C"
| #endif
| char shl_load ();
| int
| main ()
| {
| return shl_load ();
|   ;
|   return 0;
| }
configure:10280: result: no
configure:10285: checking for dlopen
configure:10341: gcc -o conftest -g -O2   conftest.c  >&5
/home/justin/tmp/cc0enrFc.o: In function `main':
/home/justin/work/sqwee/sqwee/src/lighttpd/conftest.c:58: undefined reference to `dlopen'
collect2: ld returned 1 exit status
configure:10347: $? = 1
configure: failed program was:
| /* confdefs.h.  */
| #define PACKAGE_NAME "lighttpd"
| #define PACKAGE_TARNAME "lighttpd"
| #define PACKAGE_VERSION "1.4.18"
| #define PACKAGE_STRING "lighttpd 1.4.18"
| #define PACKAGE_BUGREPORT "jan@kneschke.de"
| #define PACKAGE "lighttpd"
| #define VERSION "1.4.18"
| #define STDC_HEADERS 1
| #define HAVE_SYS_TYPES_H 1
| #define HAVE_SYS_STAT_H 1
| #define HAVE_STDLIB_H 1
| #define HAVE_STRING_H 1
| #define HAVE_MEMORY_H 1
| #define HAVE_STRINGS_H 1
| #define HAVE_INTTYPES_H 1
| #define HAVE_STDINT_H 1
| #define HAVE_UNISTD_H 1
| #define PROTOTYPES 1
| #define __PROTOTYPES 1
| #define HAVE_STRING_H 1
| #define HAVE_DLFCN_H 1
| /* end confdefs.h.  */
| /* Define dlopen to an innocuous variant, in case <limits.h> declares dlopen.
|    For example, HP-UX 11i <limits.h> declares gettimeofday.  */
| #define dlopen innocuous_dlopen
| 
| /* System header to define __stub macros and hopefully few prototypes,
|     which can conflict with char dlopen (); below.
|     Prefer <limits.h> to <assert.h> if __STDC__ is defined, since
|     <limits.h> exists even on freestanding compilers.  */
| 
| #ifdef __STDC__
| # include <limits.h>
| #else
| # include <assert.h>
| #endif
| 
| #undef dlopen
| 
| /* Override any GCC internal prototype to avoid an error.
|    Use char because int might match the return type of a GCC
|    builtin and then its argument prototype would still apply.  */
| #ifdef __cplusplus
| extern "C"
| #endif
| char dlopen ();
| /* The GNU C library defines this for functions which it implements
|     to always fail with ENOSYS.  Some functions are actually named
|     something starting with __ and the normal name is an alias.  */
| #if defined __stub_dlopen || defined __stub___dlopen
| choke me
| #endif
| 
| int
| main ()
| {
| return dlopen ();
|   ;
|   return 0;
| }
configure:10364: result: no
configure:10369: checking for dlopen in -ldl
configure:10404: gcc -o conftest -g -O2   conftest.c -ldl   >&5
configure:10410: $? = 0
configure:10428: result: yes
configure:10597: checking whether a program can dlopen itself
configure:10671: gcc -o conftest -g -O2  -DHAVE_DLFCN_H  -Wl,--export-dynamic conftest.c -ldl  >&5
configure: In function 'main':
configure:10667: warning: incompatible implicit declaration of built-in function 'exit'
configure:10674: $? = 0
configure:10692: result: yes
configure:10697: checking whether a statically linked program can dlopen itself
configure:10771: gcc -o conftest -g -O2  -DHAVE_DLFCN_H  -Wl,--export-dynamic  conftest.c -ldl  >&5
configure: In function 'main':
configure:10767: warning: incompatible implicit declaration of built-in function 'exit'
configure:10774: $? = 0
configure:10792: result: yes
configure:10815: checking if libtool supports shared libraries
configure:10817: result: yes
configure:10820: checking whether to build shared libraries
configure:10841: result: yes
configure:10844: checking whether to build static libraries
configure:10848: result: no
configure:10940: creating libtool
configure:11528: checking for ld used by g++
configure:11595: result: /usr/bin/ld -m elf_x86_64
configure:11604: checking if the linker (/usr/bin/ld -m elf_x86_64) is GNU ld
configure:11619: result: yes
configure:11670: checking whether the g++ linker (/usr/bin/ld -m elf_x86_64) supports shared libraries
configure:12604: result: yes
configure:12622: g++ -c -g -O2  conftest.cpp >&5
configure:12625: $? = 0
configure:12744: checking for g++ option to produce PIC
configure:13018: result: -fPIC
configure:13026: checking if g++ PIC flag -fPIC works
configure:13044: g++ -c -g -O2  -fPIC -DPIC conftest.cpp >&5
configure:13048: $? = 0
configure:13061: result: yes
configure:13089: checking if g++ static flag -static works
configure:13117: result: no
configure:13127: checking if g++ supports -c -o file.o
configure:13148: g++ -c -g -O2  -o out/conftest2.o conftest.cpp >&5
configure:13152: $? = 0
configure:13174: result: yes
configure:13200: checking whether the g++ linker (/usr/bin/ld -m elf_x86_64) supports shared libraries
configure:13225: result: yes
configure:13292: checking dynamic linker characteristics
configure:13880: result: GNU/Linux ld.so
configure:13889: checking how to hardcode library paths into programs
configure:13914: result: immediate
configure:20058: checking for ANSI C header files
configure:20222: result: yes
configure:20232: checking for sys/wait.h that is POSIX.1 compatible
configure:20268: gcc -c -g -O2  -D_REENTRANT -D__EXTENSIONS__ conftest.c >&5
configure:20274: $? = 0
configure:20289: result: yes
configure:20344: checking arpa/inet.h usability
configure:20361: gcc -c -g -O2  -D_REENTRANT -D__EXTENSIONS__ conftest.c >&5
configure:20367: $? = 0
configure:20381: result: yes
configure:20385: checking arpa/inet.h presence
configure:20400: gcc -E  -D_REENTRANT -D__EXTENSIONS__ conftest.c
configure:20406: $? = 0
configure:20420: result: yes
configure:20453: checking for arpa/inet.h
configure:20461: result: yes
configure:20344: checking fcntl.h usability
configure:20361: gcc -c -g -O2  -D_REENTRANT -D__EXTENSIONS__ conftest.c >&5
configure:20367: $? = 0
configure:20381: result: yes
configure:20385: checking fcntl.h presence
configure:20400: gcc -E  -D_REENTRANT -D__EXTENSIONS__ conftest.c
configure:20406: $? = 0
configure:20420: result: yes
configure:20453: checking for fcntl.h
configure:20461: result: yes
configure:20344: checking netinet/in.h usability
configure:20361: gcc -c -g -O2  -D_REENTRANT -D__EXTENSIONS__ conftest.c >&5

## ---------------- ##
## Cache variables. ##
## ---------------- ##

ac_cv_build=x86_64-unknown-linux-gnu
ac_cv_c_compiler_gnu=yes
ac_cv_cxx_compiler_gnu=yes
ac_cv_env_CCC_set=
ac_cv_env_CCC_value=
ac_cv_env_CC_set=
ac_cv_env_CC_value=
ac_cv_env_CFLAGS_set=
ac_cv_env_CFLAGS_value=
ac_cv_env_CPPFLAGS_set=
ac_cv_env_CPPFLAGS_value=
ac_cv_env_CPP_set=
ac_cv_env_CPP_value=
ac_cv_env_CXXCPP_set=
ac_cv_env_CXXCPP_value=
ac_cv_env_CXXFLAGS_set=
ac_cv_env_CXXFLAGS_value=
ac_cv_env_CXX_set=
ac_cv_env_CXX_value=
ac_cv_env_F77_set=
ac_cv_env_F77_value=
ac_cv_env_FAM_CFLAGS_set=
ac_cv_env_FAM_CFLAGS_value=
ac_cv_env_FAM_LIBS_set=
ac_cv_env_FAM_LIBS_value=
ac_cv_env_FFLAGS_set=
ac_cv_env_FFLAGS_value=
ac_cv_env_LDFLAGS_set=
ac_cv_env_LDFLAGS_value=
ac_cv_env_LIBS_set=
ac_cv_env_LIBS_value=
ac_cv_env_LUA_CFLAGS_set=
ac_cv_env_LUA_CFLAGS_value=
ac_cv_env_LUA_LIBS_set=
ac_cv_env_LUA_LIBS_value=
ac_cv_env_PKG_CONFIG_set=
ac_cv_env_PKG_CONFIG_value=
ac_cv_env_SQLITE_CFLAGS_set=
ac_cv_env_SQLITE_CFLAGS_value=
ac_cv_env_SQLITE_LIBS_set=
ac_cv_env_SQLITE_LIBS_value=
ac_cv_env_XML_CFLAGS_set=
ac_cv_env_XML_CFLAGS_value=
ac_cv_env_XML_LIBS_set=
ac_cv_env_XML_LIBS_value=
ac_cv_env_build_alias_set=
ac_cv_env_build_alias_value=
ac_cv_env_host_alias_set=
ac_cv_env_host_alias_value=
ac_cv_env_target_alias_set=
ac_cv_env_target_alias_value=
ac_cv_f77_compiler_gnu=no
ac_cv_func_dlopen=no
ac_cv_func_shl_load=no
ac_cv_header_arpa_inet_h=yes
ac_cv_header_dlfcn_h=yes
ac_cv_header_fcntl_h=yes
ac_cv_header_inttypes_h=yes
ac_cv_header_memory_h=yes
ac_cv_header_minix_config_h=no
ac_cv_header_stdc=yes
ac_cv_header_stdint_h=yes
ac_cv_header_stdlib_h=yes
ac_cv_header_string_h=yes
ac_cv_header_strings_h=yes
ac_cv_header_sys_stat_h=yes
ac_cv_header_sys_types_h=yes
ac_cv_header_sys_wait_h=yes
ac_cv_header_unistd_h=yes
ac_cv_host=x86_64-unknown-linux-gnu
ac_cv_lib_dl_dlopen=yes
ac_cv_lib_dld_shl_load=no
ac_cv_objext=o
ac_cv_path_EGREP='/bin/grep -E'
ac_cv_path_GREP=/bin/grep
ac_cv_path_install='/usr/bin/install -c'
ac_cv_path_mkdir=/bin/mkdir
ac_cv_prog_AWK=gawk
ac_cv_prog_CPP='gcc -E'
ac_cv_prog_CXXCPP='g++ -E'
ac_cv_prog_ac_ct_AR=ar
ac_cv_prog_ac_ct_CC=gcc
ac_cv_prog_ac_ct_CXX=g++
ac_cv_prog_ac_ct_RANLIB=ranlib
ac_cv_prog_ac_ct_STRIP=strip
ac_cv_prog_cc_c89=
ac_cv_prog_cc_g=yes
ac_cv_prog_cc_gcc_c_o=yes
ac_cv_prog_cxx_g=yes
ac_cv_prog_f77_g=no
ac_cv_prog_make_make_set=yes
ac_cv_search_strerror='none required'
ac_cv_target=x86_64-unknown-linux-gnu
am_cv_CC_dependencies_compiler_type=gcc3
am_cv_CXX_dependencies_compiler_type=gcc3
lt_cv_deplibs_check_method=pass_all
lt_cv_dlopen=dlopen
lt_cv_dlopen_libs=-ldl
lt_cv_dlopen_self=yes
lt_cv_dlopen_self_static=yes
lt_cv_file_magic_cmd='$MAGIC_CMD'
lt_cv_file_magic_test_file=
lt_cv_ld_reload_flag=-r
lt_cv_objdir=.libs
lt_cv_path_LD=/usr/bin/ld
lt_cv_path_LDCXX='/usr/bin/ld -m elf_x86_64'
lt_cv_path_NM='/usr/bin/nm -B'
lt_cv_path_SED=/bin/sed
lt_cv_prog_compiler_c_o=yes
lt_cv_prog_compiler_c_o_CXX=yes
lt_cv_prog_compiler_rtti_exceptions=no
lt_cv_prog_gnu_ld=yes
lt_cv_prog_gnu_ldcxx=yes
lt_cv_sys_global_symbol_pipe='sed -n -e '\''s/^.*[ 	]\([ABCDGIRSTW][ABCDGIRSTW]*\)[ 	][ 	]*\([_A-Za-z][_A-Za-z0-9]*\)$/\1 \2 \2/p'\'''
lt_cv_sys_global_symbol_to_c_name_address='sed -n -e '\''s/^: \([^ ]*\) $/  {\"\1\", (lt_ptr) 0},/p'\'' -e '\''s/^[BCDEGRST] \([^ ]*\) \([^ ]*\)$/  {"\2", (lt_ptr) \&\2},/p'\'''
lt_cv_sys_global_symbol_to_cdecl='sed -n -e '\''s/^. .* \(.*\)$/extern int \1;/p'\'''
lt_cv_sys_max_cmd_len=32768
lt_lt_cv_prog_compiler_c_o='"yes"'
lt_lt_cv_prog_compiler_c_o_CXX='"yes"'
lt_lt_cv_sys_global_symbol_pipe='"sed -n -e '\''s/^.*[ 	]\\([ABCDGIRSTW][ABCDGIRSTW]*\\)[ 	][ 	]*\\([_A-Za-z][_A-Za-z0-9]*\\)\$/\\1 \\2 \\2/p'\''"'
lt_lt_cv_sys_global_symbol_to_c_name_address='"sed -n -e '\''s/^: \\([^ ]*\\) \$/  {\\\"\\1\\\", (lt_ptr) 0},/p'\'' -e '\''s/^[BCDEGRST] \\([^ ]*\\) \\([^ ]*\\)\$/  {\"\\2\", (lt_ptr) \\&\\2},/p'\''"'
lt_lt_cv_sys_global_symbol_to_cdecl='"sed -n -e '\''s/^. .* \\(.*\\)\$/extern int \\1;/p'\''"'

## ----------------- ##
## Output variables. ##
## ----------------- ##

ACLOCAL='${SHELL} /home/justin/work/sqwee/sqwee/src/lighttpd/missing --run aclocal-1.10'
AMDEPBACKSLASH='\'
AMDEP_FALSE='#'
AMDEP_TRUE=''
AMTAR='${SHELL} /home/justin/work/sqwee/sqwee/src/lighttpd/missing --run tar'
ANSI2KNR=''
AR='ar'
ATTR_LIB=''
AUTOCONF='${SHELL} /home/justin/work/sqwee/sqwee/src/lighttpd/missing --run autoconf'
AUTOHEADER='${SHELL} /home/justin/work/sqwee/sqwee/src/lighttpd/missing --run autoheader'
AUTOMAKE='${SHELL} /home/justin/work/sqwee/sqwee/src/lighttpd/missing --run automake-1.10'
AWK='gawk'
BZ_LIB=''
CC='gcc'
CCDEPMODE='depmode=gcc3'
CFLAGS='-g -O2'
CHECK_WITH_FASTCGI_FALSE=''
CHECK_WITH_FASTCGI_TRUE=''
CPP='gcc -E'
CPPFLAGS=' -D_REENTRANT -D__EXTENSIONS__'
CROSS_COMPILING_FALSE=''
CROSS_COMPILING_TRUE=''
CRYPT_LIB=''
CXX='g++'
CXXCPP='g++ -E'
CXXDEPMODE='depmode=gcc3'
CXXFLAGS='-g -O2'
CYGPATH_W='echo'
DEFS=''
DEPDIR='.deps'
DL_LIB=''
ECHO='echo'
ECHO_C=''
ECHO_N='-n'
ECHO_T=''
EGREP='/bin/grep -E'
EXEEXT=''
F77=''
FAM_CFLAGS=''
FAM_LIBS=''
FFLAGS=''
GDBM_LIB=''
GREP='/bin/grep'
INSTALL_DATA='${INSTALL} -m 644'
INSTALL_PROGRAM='${INSTALL}'
INSTALL_SCRIPT='${INSTALL}'
INSTALL_STRIP_PROGRAM='$(install_sh) -c -s'
LBER_LIB=''
LDAP_LIB=''
LDFLAGS=''
LIBOBJS=''
LIBS=''
LIBTOOL='$(SHELL) $(top_builddir)/libtool'
LN_S='ln -s'
LTLIBOBJS=''
LUA_CFLAGS=''
LUA_LIBS=''
MAINT='#'
MAINTAINER_MODE_FALSE=''
MAINTAINER_MODE_TRUE='#'
MAKEINFO='${SHELL} /home/justin/work/sqwee/sqwee/src/lighttpd/missing --run makeinfo'
MEMCACHE_LIB=''
MYSQL_CONFIG=''
MYSQL_INCLUDE=''
MYSQL_LIBS=''
NO_RDYNAMIC_FALSE=''
NO_RDYNAMIC_TRUE='#'
OBJEXT='o'
PACKAGE='lighttpd'
PACKAGE_BUGREPORT='jan@kneschke.de'
PACKAGE_NAME='lighttpd'
PACKAGE_STRING='lighttpd 1.4.18'
PACKAGE_TARNAME='lighttpd'
PACKAGE_VERSION='1.4.18'
PATH_SEPARATOR=':'
PCRECONFIG=''
PCRE_LIB=''
PKG_CONFIG=''
RANLIB='ranlib'
SENDFILE_LIB=''
SET_MAKE=''
SHELL='/bin/sh'
SQLITE_CFLAGS=''
SQLITE_LIBS=''
SSL_LIB=''
STRIP='strip'
U=''
UUID_LIBS=''
VERSION='1.4.18'
XML_CFLAGS=''
XML_LIBS=''
Z_LIB=''
ac_ct_CC='gcc'
ac_ct_CXX='g++'
ac_ct_F77=''
am__fastdepCC_FALSE='#'
am__fastdepCC_TRUE=''
am__fastdepCXX_FALSE='#'
am__fastdepCXX_TRUE=''
am__include='include'
am__isrc=''
am__leading_dot='.'
am__quote=''
am__tar='${AMTAR} chof - "$$tardir"'
am__untar='${AMTAR} xf -'
bindir='${exec_prefix}/bin'
build='x86_64-unknown-linux-gnu'
build_alias=''
build_cpu='x86_64'
build_os='linux-gnu'
build_vendor='unknown'
datadir='${datarootdir}'
datarootdir='${prefix}/share'
docdir='${datarootdir}/doc/${PACKAGE_TARNAME}'
dvidir='${docdir}'
exec_prefix='NONE'
host='x86_64-unknown-linux-gnu'
host_alias=''
host_cpu='x86_64'
host_os='linux-gnu'
host_vendor='unknown'
htmldir='${docdir}'
includedir='${prefix}/include'
infodir='${datarootdir}/info'
install_sh='$(SHELL) /home/justin/work/sqwee/sqwee/src/lighttpd/install-sh'
libdir='${exec_prefix}/lib'
libexecdir='${exec_prefix}/libexec'
localedir='${datarootdir}/locale'
localstatedir='${prefix}/var'
mandir='${datarootdir}/man'
mkdir_p='/bin/mkdir -p'
oldincludedir='/usr/include'
pdfdir='${docdir}'
prefix='NONE'
program_transform_name='s,x,x,'
psdir='${docdir}'
sbindir='${exec_prefix}/sbin'
sharedstatedir='${prefix}/com'
sysconfdir='${prefix}/etc'
target='x86_64-unknown-linux-gnu'
target_alias=''
target_cpu='x86_64'
target_os='linux-gnu'
target_vendor='unknown'

## ----------- ##
## confdefs.h. ##
## ----------- ##

#define PACKAGE_NAME "lighttpd"
#define PACKAGE_TARNAME "lighttpd"
#define PACKAGE_VERSION "1.4.18"
#define PACKAGE_STRING "lighttpd 1.4.18"
#define PACKAGE_BUGREPORT "jan@kneschke.de"
#define PACKAGE "lighttpd"
#define VERSION "1.4.18"
#define STDC_HEADERS 1
#define HAVE_SYS_TYPES_H 1
#define HAVE_SYS_STAT_H 1
#define HAVE_STDLIB_H 1
#define HAVE_STRING_H 1
#define HAVE_MEMORY_H 1
#define HAVE_STRINGS_H 1
#define HAVE_INTTYPES_H 1
#define HAVE_STDINT_H 1
#define HAVE_UNISTD_H 1
#define PROTOTYPES 1
#define __PROTOTYPES 1
#define HAVE_STRING_H 1
#define HAVE_DLFCN_H 1
#define STDC_HEADERS 1
#define HAVE_SYS_WAIT_H 1
#define HAVE_ARPA_INET_H 1
#define HAVE_FCNTL_H 1

configure: exit 1
