This file contains any messages produced by compilers while
running configure, to aid debugging if configure makes a mistake.

It was created by configure, which was
generated by GNU Autoconf 2.59.  Invocation command line was

  $ ./configure --quiet

## --------- ##
## Platform. ##
## --------- ##

hostname = bigblue
uname -m = i686
uname -r = 2.6.17-13mdv
uname -s = Linux
uname -v = #1 SMP Fri Mar 23 19:03:31 UTC 2007

/usr/bin/uname -p = unknown
/bin/uname -X     = unknown

/bin/arch              = i686
/usr/bin/arch -k       = unknown
/usr/convex/getsysinfo = unknown
hostinfo               = unknown
/bin/machine           = unknown
/usr/bin/oslevel       = unknown
/bin/universe          = unknown

PATH: /usr/bin
PATH: /bin
PATH: /usr/local/bin
PATH: /usr/X11R6/bin/
PATH: /usr/games
PATH: /usr/lib/qt3//bin
PATH: /home/justin/bin
PATH: /usr/java/latest/bin/
PATH: /home/justin/pkgs/apache-ant-1.7.0/bin
PATH: /home/justin/pkgs/polyglot-2.1.0-src/bin
PATH: /opt/intel/cc/9.1.042/bin/
PATH: /usr/lib/qt3//bin


## ----------- ##
## Core tests. ##
## ----------- ##

configure:1307: checking for gcc
configure:1323: found /usr/bin/gcc
configure:1333: result: gcc
configure:1577: checking for C compiler version
configure:1580: gcc --version </dev/null >&5
gcc (GCC) 4.1.2 20070302 (prerelease) (4.1.2-1mdv2007.1)
Copyright (C) 2006 Free Software Foundation, Inc.
This is free software; see the source for copying conditions.  There is NO
warranty; not even for MERCHANTABILITY or FITNESS FOR A PARTICULAR PURPOSE.

configure:1583: $? = 0
configure:1585: gcc -v </dev/null >&5
Using built-in specs.
Target: i586-mandriva-linux-gnu
Configured with: ../configure --prefix=/usr --libexecdir=/usr/lib --with-slibdir=/lib --mandir=/usr/share/man --infodir=/usr/share/info --enable-checking=release --enable-languages=c,c++,ada,fortran,objc,obj-c++,java --host=i586-mandriva-linux-gnu --with-cpu=generic --with-system-zlib --enable-threads=posix --enable-shared --enable-long-long --enable-__cxa_atexit --disable-libunwind-exceptions --enable-clocale=gnu --enable-java-awt=gtk --with-java-home=/usr/lib/jvm/java-1.4.2-gcj-1.4.2.0/jre --enable-gtk-cairo --disable-libjava-multilib --enable-ssp --disable-libssp
Thread model: posix
gcc version 4.1.2 20070302 (prerelease) (4.1.2-1mdv2007.1)
configure:1588: $? = 0
configure:1590: gcc -V </dev/null >&5
gcc: '-V' option must have argument
configure:1593: $? = 1
configure:1616: checking for C compiler default output file name
configure:1619: gcc    conftest.c  >&5
configure:1622: $? = 0
configure:1668: result: a.out
configure:1673: checking whether the C compiler works
configure:1679: ./a.out
configure:1682: $? = 0
configure:1699: result: yes
configure:1706: checking whether we are cross compiling
configure:1708: result: no
configure:1711: checking for suffix of executables
configure:1713: gcc -o conftest    conftest.c  >&5
configure:1716: $? = 0
configure:1741: result: 
configure:1747: checking for suffix of object files
configure:1768: gcc -c   conftest.c >&5
configure:1771: $? = 0
configure:1793: result: o
configure:1797: checking whether we are using the GNU C compiler
configure:1821: gcc -c   conftest.c >&5
configure:1827: $? = 0
configure:1830: test -z 			 || test ! -s conftest.err
configure:1833: $? = 0
configure:1836: test -s conftest.o
configure:1839: $? = 0
configure:1852: result: yes
configure:1858: checking whether gcc accepts -g
configure:1879: gcc -c -g  conftest.c >&5
configure:1885: $? = 0
configure:1888: test -z 			 || test ! -s conftest.err
configure:1891: $? = 0
configure:1894: test -s conftest.o
configure:1897: $? = 0
configure:1908: result: yes
configure:1925: checking for gcc option to accept ANSI C
configure:1995: gcc  -c -g -O2  conftest.c >&5
configure:2001: $? = 0
configure:2004: test -z 			 || test ! -s conftest.err
configure:2007: $? = 0
configure:2010: test -s conftest.o
configure:2013: $? = 0
configure:2031: result: none needed
configure:2049: gcc -c -g -O2  conftest.c >&5
conftest.c:2: error: expected '=', ',', ';', 'asm' or '__attribute__' before 'me'
configure:2055: $? = 1
configure: failed program was:
| #ifndef __cplusplus
|   choke me
| #endif
configure:2242: checking for g++
configure:2258: found /usr/bin/g++
configure:2268: result: g++
configure:2284: checking for C++ compiler version
configure:2287: g++ --version </dev/null >&5
g++ (GCC) 4.1.2 20070302 (prerelease) (4.1.2-1mdv2007.1)
Copyright (C) 2006 Free Software Foundation, Inc.
This is free software; see the source for copying conditions.  There is NO
warranty; not even for MERCHANTABILITY or FITNESS FOR A PARTICULAR PURPOSE.

configure:2290: $? = 0
configure:2292: g++ -v </dev/null >&5
Using built-in specs.
Target: i586-mandriva-linux-gnu
Configured with: ../configure --prefix=/usr --libexecdir=/usr/lib --with-slibdir=/lib --mandir=/usr/share/man --infodir=/usr/share/info --enable-checking=release --enable-languages=c,c++,ada,fortran,objc,obj-c++,java --host=i586-mandriva-linux-gnu --with-cpu=generic --with-system-zlib --enable-threads=posix --enable-shared --enable-long-long --enable-__cxa_atexit --disable-libunwind-exceptions --enable-clocale=gnu --enable-java-awt=gtk --with-java-home=/usr/lib/jvm/java-1.4.2-gcj-1.4.2.0/jre --enable-gtk-cairo --disable-libjava-multilib --enable-ssp --disable-libssp
Thread model: posix
gcc version 4.1.2 20070302 (prerelease) (4.1.2-1mdv2007.1)
configure:2295: $? = 0
configure:2297: g++ -V </dev/null >&5
g++: '-V' option must have argument
configure:2300: $? = 1
configure:2303: checking whether we are using the GNU C++ compiler
configure:2327: g++ -c   conftest.cc >&5
configure:2333: $? = 0
configure:2336: test -z 			 || test ! -s conftest.err
configure:2339: $? = 0
configure:2342: test -s conftest.o
configure:2345: $? = 0
configure:2358: result: yes
configure:2364: checking whether g++ accepts -g
configure:2385: g++ -c -g  conftest.cc >&5
configure:2391: $? = 0
configure:2394: test -z 			 || test ! -s conftest.err
configure:2397: $? = 0
configure:2400: test -s conftest.o
configure:2403: $? = 0
configure:2414: result: yes
configure:2456: g++ -c -g -O2  conftest.cc >&5
configure:2462: $? = 0
configure:2465: test -z 			 || test ! -s conftest.err
configure:2468: $? = 0
configure:2471: test -s conftest.o
configure:2474: $? = 0
configure:2500: g++ -c -g -O2  conftest.cc >&5
conftest.cc: In function 'int main()':
conftest.cc:14: error: 'exit' was not declared in this scope
configure:2506: $? = 1
configure: failed program was:
| /* confdefs.h.  */
| 
| #define PACKAGE_NAME ""
| #define PACKAGE_TARNAME ""
| #define PACKAGE_VERSION ""
| #define PACKAGE_STRING ""
| #define PACKAGE_BUGREPORT ""
| #define CC gcc
| /* end confdefs.h.  */
| 
| int
| main ()
| {
| exit (42);
|   ;
|   return 0;
| }
configure:2456: g++ -c -g -O2  conftest.cc >&5
configure:2462: $? = 0
configure:2465: test -z 			 || test ! -s conftest.err
configure:2468: $? = 0
configure:2471: test -s conftest.o
configure:2474: $? = 0
configure:2500: g++ -c -g -O2  conftest.cc >&5
configure:2506: $? = 0
configure:2509: test -z 			 || test ! -s conftest.err
configure:2512: $? = 0
configure:2515: test -s conftest.o
configure:2518: $? = 0
configure:2553: checking whether make sets $(MAKE)
configure:2573: result: yes
configure:2715: checking for gdc
configure:2744: result: no
configure:2755: checking for the Objective-C compiler
configure:2770: result: no
configure:2777: checking for javac
configure:2793: found /usr/bin/javac
configure:2803: result: javac
configure:2819: checking for txl
configure:2848: result: no
configure:2861: checking for ruby
configure:2877: found /usr/bin/ruby
configure:2887: result: ruby
configure:2997: creating ./config.status

## ---------------------- ##
## Running config.status. ##
## ---------------------- ##

This file was extended by config.status, which was
generated by GNU Autoconf 2.59.  Invocation command line was

  CONFIG_FILES    = 
  CONFIG_HEADERS  = 
  CONFIG_LINKS    = 
  CONFIG_COMMANDS = 
  $ ./config.status --quiet

on bigblue

config.status:695: creating Makefile
config.status:695: creating common/Makefile
config.status:695: creating ragel/Makefile
config.status:695: creating redfsm/Makefile
config.status:695: creating rlgen-cd/Makefile
config.status:760: creating common/config.h
config.status:850: common/config.h is unchanged

## ---------------- ##
## Cache variables. ##
## ---------------- ##

ac_cv_c_compiler_gnu=yes
ac_cv_cxx_compiler_gnu=yes
ac_cv_env_CC_set=
ac_cv_env_CC_value=
ac_cv_env_CFLAGS_set=
ac_cv_env_CFLAGS_value=
ac_cv_env_CPPFLAGS_set=
ac_cv_env_CPPFLAGS_value=
ac_cv_env_CXXFLAGS_set=
ac_cv_env_CXXFLAGS_value=
ac_cv_env_CXX_set=
ac_cv_env_CXX_value=
ac_cv_env_LDFLAGS_set=
ac_cv_env_LDFLAGS_value=
ac_cv_env_build_alias_set=
ac_cv_env_build_alias_value=
ac_cv_env_host_alias_set=
ac_cv_env_host_alias_value=
ac_cv_env_target_alias_set=
ac_cv_env_target_alias_value=
ac_cv_exeext=
ac_cv_objext=o
ac_cv_prog_JAVAC=javac
ac_cv_prog_RUBY=ruby
ac_cv_prog_ac_ct_CC=gcc
ac_cv_prog_ac_ct_CXX=g++
ac_cv_prog_cc_g=yes
ac_cv_prog_cc_stdc=
ac_cv_prog_cxx_g=yes
ac_cv_prog_make_make_set=yes

## ----------------- ##
## Output variables. ##
## ----------------- ##

BUILD_PARSERS='false'
CC='gcc'
CFLAGS='-g -O2'
CPPFLAGS=''
CXX='g++'
CXXFLAGS='-g -O2'
DEFS='-DHAVE_CONFIG_H'
ECHO_C=''
ECHO_N='-n'
ECHO_T=''
EXEEXT=''
GDC=''
GOBJC=''
GPERF=''
JAVAC='javac'
KELBT=''
LDFLAGS=''
LIBOBJS=''
LIBS=''
LTLIBOBJS=''
OBJEXT='o'
PACKAGE_BUGREPORT=''
PACKAGE_NAME=''
PACKAGE_STRING=''
PACKAGE_TARNAME=''
PACKAGE_VERSION=''
PATH_SEPARATOR=':'
RAGEL=''
RUBY='ruby'
SET_MAKE=''
SHELL='/bin/sh'
TXL=''
ac_ct_CC='gcc'
ac_ct_CXX='g++'
bindir='${exec_prefix}/bin'
build_alias=''
datadir='${prefix}/share'
exec_prefix='${prefix}'
host_alias=''
includedir='${prefix}/include'
infodir='${prefix}/info'
libdir='${exec_prefix}/lib'
libexecdir='${exec_prefix}/libexec'
localstatedir='${prefix}/var'
mandir='${prefix}/man'
oldincludedir='/usr/include'
prefix='/usr/local'
program_transform_name='s,x,x,'
sbindir='${exec_prefix}/sbin'
sharedstatedir='${prefix}/com'
sysconfdir='${prefix}/etc'
target_alias=''

## ----------- ##
## confdefs.h. ##
## ----------- ##

#define CC gcc
#define CXX g++
#define JAVAC javac
#define PACKAGE_BUGREPORT ""
#define PACKAGE_NAME ""
#define PACKAGE_STRING ""
#define PACKAGE_TARNAME ""
#define PACKAGE_VERSION ""
#define RUBY ruby
#endif
#ifdef __cplusplus
extern "C" void std::exit (int) throw (); using std::exit;

configure: exit 0
